<?xml version="1.0" encoding="UTF-8"?>
<!-- Generated by org.testng.reporters.JUnitReportReporter -->
<testsuite skipped="0" hostname="ASEN-PL-RPawar" name="SeleniumBasics.BrokenLinks_Imges" tests="1" failures="0" timestamp="06 May 2020 09:00:20 GMT" time="60.095" errors="0">
  <testcase name="veifybrokenlinks" time="60.095" classname="SeleniumBasics.BrokenLinks_Imges"/>
</testsuite> <!-- SeleniumBasics.BrokenLinks_Imges -->
